0 info it worked if it ends with ok
1 verbose cli [ 'node', '/usr/bin/npm', 'start' ]
2 info using npm@2.12.0
3 info using node@v0.10.29
4 verbose node symlink /usr/bin/node
5 verbose run-script [ 'prestart', 'start', 'poststart' ]
6 info prestart armasao@0.0.0
7 info start armasao@0.0.0
8 verbose unsafe-perm in lifecycle true
9 info armasao@0.0.0 Failed to exec start script
10 verbose stack Error: armasao@0.0.0 start: `node ./bin/www`
10 verbose stack Exit status 137
10 verbose stack     at EventEmitter.<anonymous> (/usr/lib/node_modules/npm/lib/utils/lifecycle.js:213:16)
10 verbose stack     at EventEmitter.emit (events.js:98:17)
10 verbose stack     at ChildProcess.<anonymous> (/usr/lib/node_modules/npm/lib/utils/spawn.js:24:14)
10 verbose stack     at ChildProcess.emit (events.js:98:17)
10 verbose stack     at maybeClose (child_process.js:755:16)
10 verbose stack     at Process.ChildProcess._handle.onexit (child_process.js:822:5)
11 verbose pkgid armasao@0.0.0
12 verbose cwd /home/armasao.ru/celebration.juna-life.ru
13 error Linux 3.2.0-4-amd64
14 error argv "node" "/usr/bin/npm" "start"
15 error node v0.10.29
16 error npm  v2.12.0
17 error code ELIFECYCLE
18 error armasao@0.0.0 start: `node ./bin/www`
18 error Exit status 137
19 error Failed at the armasao@0.0.0 start script 'node ./bin/www'.
19 error This is most likely a problem with the armasao package,
19 error not with npm itself.
19 error Tell the author that this fails on your system:
19 error     node ./bin/www
19 error You can get their info via:
19 error     npm owner ls armasao
19 error There is likely additional logging output above.
20 verbose exit [ 1, true ]
